
*** Running vivado
    with args -log design_1_BlinkLEDtop_0_0.vds -m64 -product Vivado -mode batch -messageDb vivado.pb -notrace -source design_1_BlinkLEDtop_0_0.tcl



****** Vivado v2022.2 (64-bit)
  **** SW Build 3671981 on Fri Oct 14 05:00:03 MDT 2022
  **** IP Build 3669848 on Fri Oct 14 08:30:02 MDT 2022
    ** Copyright 1986-2022 Xilinx, Inc. All Rights Reserved.

source design_1_BlinkLEDtop_0_0.tcl -notrace
INFO: [IP_Flow 19-234] Refreshing IP repositories
INFO: [IP_Flow 19-1700] Loaded user IP repository 'c:/Users/ruc1p/Coding/3.Git/FPGA_Project/Blink_LED/Blink_LED_IP'.
INFO: [IP_Flow 19-2313] Loaded Vivado IP repository 'C:/Xilinx/Vivado/2022.2/data/ip'.
WARNING: [IP_Flow 19-4995] The host OS only allows 260 characters in a normal path. The IP cache path is more than 80 characters. If you experience issues with IP caching, please consider changing the IP cache to a location with a shorter path. Alternately consider using the OS subst command to map part of the path to a drive letter. 
Current IP cache path is c:/Users/ruc1p/Coding/3.Git/FPGA_Project/Blink_LED/Blink_LED_PRJ/Blink_LED_PRJ.cache/ip 
INFO: [IP_Flow 19-6924] IPCACHE: Running cache check for IP inst: design_1_BlinkLEDtop_0_0
Command: synth_design -top design_1_BlinkLEDtop_0_0 -part xc7z020clg400-1 -incremental_mode off -mode out_of_context
Starting synth_design
Attempting to get a license for feature 'Synthesis' and/or device 'xc7z020'
INFO: [Common 17-349] Got license for feature 'Synthesis' and/or device 'xc7z020'
INFO: [Device 21-403] Loading part xc7z020clg400-1
INFO: [Synth 8-7079] Multithreading enabled for synth_design using a maximum of 2 processes.
INFO: [Synth 8-7078] Launching helper process for spawning children vivado processes
INFO: [Synth 8-7075] Helper process launched with PID 15200
INFO: [Synth 8-11241] undeclared symbol 'REGCCE', assumed default net type 'wire' [C:/Xilinx/Vivado/2022.2/data/verilog/src/unimacro/BRAM_SINGLE_MACRO.v:2170]
---------------------------------------------------------------------------------
Starting RTL Elaboration : Time (s): cpu = 00:00:03 ; elapsed = 00:00:05 . Memory (MB): peak = 1852.172 ; gain = 408.078
---------------------------------------------------------------------------------
INFO: [Synth 8-6157] synthesizing module 'design_1_BlinkLEDtop_0_0' [c:/Users/ruc1p/Coding/3.Git/FPGA_Project/Blink_LED/Blink_LED_PRJ/Blink_LED_PRJ.gen/sources_1/bd/design_1/ip/design_1_BlinkLEDtop_0_0/synth/design_1_BlinkLEDtop_0_0.v:53]
INFO: [Synth 8-6157] synthesizing module 'BlinkLEDtop' [c:/Users/ruc1p/Coding/3.Git/FPGA_Project/Blink_LED/Blink_LED_PRJ/Blink_LED_PRJ.gen/sources_1/bd/design_1/ipshared/ec2b/BlinkLEDtop.v:21]
INFO: [Synth 8-6157] synthesizing module 'BlinkLEDip_v1_0' [c:/Users/ruc1p/Coding/3.Git/FPGA_Project/Blink_LED/Blink_LED_PRJ/Blink_LED_PRJ.gen/sources_1/bd/design_1/ipshared/ec2b/BlinkLEDip_v1_0.v:23]
INFO: [Synth 8-6157] synthesizing module 'BlinkLEDip_v1_0_S00_AXI' [c:/Users/ruc1p/Coding/3.Git/FPGA_Project/Blink_LED/Blink_LED_PRJ/Blink_LED_PRJ.gen/sources_1/bd/design_1/ipshared/ec2b/BlinkLEDip_v1_0_S00_AXI.v:23]
INFO: [Synth 8-226] default block is never used [c:/Users/ruc1p/Coding/3.Git/FPGA_Project/Blink_LED/Blink_LED_PRJ/Blink_LED_PRJ.gen/sources_1/bd/design_1/ipshared/ec2b/BlinkLEDip_v1_0_S00_AXI.v:254]
INFO: [Synth 8-226] default block is never used [c:/Users/ruc1p/Coding/3.Git/FPGA_Project/Blink_LED/Blink_LED_PRJ/Blink_LED_PRJ.gen/sources_1/bd/design_1/ipshared/ec2b/BlinkLEDip_v1_0_S00_AXI.v:395]
INFO: [Synth 8-6155] done synthesizing module 'BlinkLEDip_v1_0_S00_AXI' (0#1) [c:/Users/ruc1p/Coding/3.Git/FPGA_Project/Blink_LED/Blink_LED_PRJ/Blink_LED_PRJ.gen/sources_1/bd/design_1/ipshared/ec2b/BlinkLEDip_v1_0_S00_AXI.v:23]
INFO: [Synth 8-6155] done synthesizing module 'BlinkLEDip_v1_0' (0#1) [c:/Users/ruc1p/Coding/3.Git/FPGA_Project/Blink_LED/Blink_LED_PRJ/Blink_LED_PRJ.gen/sources_1/bd/design_1/ipshared/ec2b/BlinkLEDip_v1_0.v:23]
INFO: [Synth 8-6157] synthesizing module 'blink_led_HW' [c:/Users/ruc1p/Coding/3.Git/FPGA_Project/Blink_LED/Blink_LED_PRJ/Blink_LED_PRJ.gen/sources_1/bd/design_1/ipshared/ec2b/blink_led_HW.v:22]
INFO: [Synth 8-6157] synthesizing module 'counter_out' [c:/Users/ruc1p/Coding/3.Git/FPGA_Project/Blink_LED/Blink_LED_PRJ/Blink_LED_PRJ.gen/sources_1/bd/design_1/ipshared/ec2b/counter_out.v:22]
INFO: [Synth 8-6155] done synthesizing module 'counter_out' (0#1) [c:/Users/ruc1p/Coding/3.Git/FPGA_Project/Blink_LED/Blink_LED_PRJ/Blink_LED_PRJ.gen/sources_1/bd/design_1/ipshared/ec2b/counter_out.v:22]
INFO: [Synth 8-6155] done synthesizing module 'blink_led_HW' (0#1) [c:/Users/ruc1p/Coding/3.Git/FPGA_Project/Blink_LED/Blink_LED_PRJ/Blink_LED_PRJ.gen/sources_1/bd/design_1/ipshared/ec2b/blink_led_HW.v:22]
INFO: [Synth 8-6155] done synthesizing module 'BlinkLEDtop' (0#1) [c:/Users/ruc1p/Coding/3.Git/FPGA_Project/Blink_LED/Blink_LED_PRJ/Blink_LED_PRJ.gen/sources_1/bd/design_1/ipshared/ec2b/BlinkLEDtop.v:21]
INFO: [Synth 8-6155] done synthesizing module 'design_1_BlinkLEDtop_0_0' (0#1) [c:/Users/ruc1p/Coding/3.Git/FPGA_Project/Blink_LED/Blink_LED_PRJ/Blink_LED_PRJ.gen/sources_1/bd/design_1/ip/design_1_BlinkLEDtop_0_0/synth/design_1_BlinkLEDtop_0_0.v:53]
WARNING: [Synth 8-7129] Port S_AXI_AWPROT[2] in module BlinkLEDip_v1_0_S00_AXI is either unconnected or has no load
WARNING: [Synth 8-7129] Port S_AXI_AWPROT[1] in module BlinkLEDip_v1_0_S00_AXI is either unconnected or has no load
WARNING: [Synth 8-7129] Port S_AXI_AWPROT[0] in module BlinkLEDip_v1_0_S00_AXI is either unconnected or has no load
WARNING: [Synth 8-7129] Port S_AXI_ARPROT[2] in module BlinkLEDip_v1_0_S00_AXI is either unconnected or has no load
WARNING: [Synth 8-7129] Port S_AXI_ARPROT[1] in module BlinkLEDip_v1_0_S00_AXI is either unconnected or has no load
WARNING: [Synth 8-7129] Port S_AXI_ARPROT[0] in module BlinkLEDip_v1_0_S00_AXI is either unconnected or has no load
---------------------------------------------------------------------------------
Finished RTL Elaboration : Time (s): cpu = 00:00:03 ; elapsed = 00:00:06 . Memory (MB): peak = 1946.824 ; gain = 502.730
---------------------------------------------------------------------------------
---------------------------------------------------------------------------------
Start Handling Custom Attributes
---------------------------------------------------------------------------------
---------------------------------------------------------------------------------
Finished Handling Custom Attributes : Time (s): cpu = 00:00:03 ; elapsed = 00:00:06 . Memory (MB): peak = 1946.824 ; gain = 502.730
---------------------------------------------------------------------------------
---------------------------------------------------------------------------------
Finished RTL Optimization Phase 1 : Time (s): cpu = 00:00:03 ; elapsed = 00:00:06 . Memory (MB): peak = 1946.824 ; gain = 502.730
---------------------------------------------------------------------------------
Netlist sorting complete. Time (s): cpu = 00:00:00 ; elapsed = 00:00:00.011 . Memory (MB): peak = 1946.824 ; gain = 0.000
INFO: [Project 1-570] Preparing netlist for logic optimization

Processing XDC Constraints
Initializing timing engine
Completed Processing XDC Constraints

Netlist sorting complete. Time (s): cpu = 00:00:00 ; elapsed = 00:00:00 . Memory (MB): peak = 2026.238 ; gain = 0.000
INFO: [Project 1-111] Unisim Transformation Summary:
No Unisim elements were transformed.

Constraint Validation Runtime : Time (s): cpu = 00:00:00 ; elapsed = 00:00:00.025 . Memory (MB): peak = 2026.250 ; gain = 0.012
INFO: [Designutils 20-5008] Incremental synthesis strategy off
INFO: [Synth 8-11241] undeclared symbol 'REGCCE', assumed default net type 'wire' [C:/Xilinx/Vivado/2022.2/data/verilog/src/unimacro/BRAM_SINGLE_MACRO.v:2170]
---------------------------------------------------------------------------------
Finished Constraint Validation : Time (s): cpu = 00:00:07 ; elapsed = 00:00:12 . Memory (MB): peak = 2026.250 ; gain = 582.156
---------------------------------------------------------------------------------
---------------------------------------------------------------------------------
Start Loading Part and Timing Information
---------------------------------------------------------------------------------
Loading part: xc7z020clg400-1
---------------------------------------------------------------------------------
Finished Loading Part and Timing Information : Time (s): cpu = 00:00:07 ; elapsed = 00:00:12 . Memory (MB): peak = 2026.250 ; gain = 582.156
---------------------------------------------------------------------------------
---------------------------------------------------------------------------------
Start Applying 'set_property' XDC Constraints
---------------------------------------------------------------------------------
---------------------------------------------------------------------------------
Finished applying 'set_property' XDC Constraints : Time (s): cpu = 00:00:07 ; elapsed = 00:00:12 . Memory (MB): peak = 2026.250 ; gain = 582.156
---------------------------------------------------------------------------------
---------------------------------------------------------------------------------
Finished RTL Optimization Phase 2 : Time (s): cpu = 00:00:07 ; elapsed = 00:00:13 . Memory (MB): peak = 2026.250 ; gain = 582.156
---------------------------------------------------------------------------------
---------------------------------------------------------------------------------
Start RTL Component Statistics 
---------------------------------------------------------------------------------
Detailed RTL Component Info : 
+---Adders : 
	   2 Input   32 Bit       Adders := 4     
+---Registers : 
	               32 Bit    Registers := 5     
	                4 Bit    Registers := 2     
	                2 Bit    Registers := 2     
	                1 Bit    Registers := 10    
+---Muxes : 
	   2 Input   32 Bit        Muxes := 4     
	   4 Input   32 Bit        Muxes := 5     
	   2 Input    1 Bit        Muxes := 17    
---------------------------------------------------------------------------------
Finished RTL Component Statistics 
---------------------------------------------------------------------------------
---------------------------------------------------------------------------------
Start Part Resource Summary
---------------------------------------------------------------------------------
Part Resources:
DSPs: 220 (col length:60)
BRAMs: 280 (col length: RAMB18 60 RAMB36 30)
---------------------------------------------------------------------------------
Finished Part Resource Summary
---------------------------------------------------------------------------------
---------------------------------------------------------------------------------
Start Cross Boundary and Area Optimization
---------------------------------------------------------------------------------
WARNING: [Synth 8-7080] Parallel synthesis criteria is not met
WARNING: [Synth 8-7129] Port s00_axi_awprot[2] in module design_1_BlinkLEDtop_0_0 is either unconnected or has no load
WARNING: [Synth 8-7129] Port s00_axi_awprot[1] in module design_1_BlinkLEDtop_0_0 is either unconnected or has no load
WARNING: [Synth 8-7129] Port s00_axi_awprot[0] in module design_1_BlinkLEDtop_0_0 is either unconnected or has no load
WARNING: [Synth 8-7129] Port s00_axi_arprot[2] in module design_1_BlinkLEDtop_0_0 is either unconnected or has no load
WARNING: [Synth 8-7129] Port s00_axi_arprot[1] in module design_1_BlinkLEDtop_0_0 is either unconnected or has no load
WARNING: [Synth 8-7129] Port s00_axi_arprot[0] in module design_1_BlinkLEDtop_0_0 is either unconnected or has no load
---------------------------------------------------------------------------------
Finished Cross Boundary and Area Optimization : Time (s): cpu = 00:00:08 ; elapsed = 00:00:14 . Memory (MB): peak = 2026.250 ; gain = 582.156
---------------------------------------------------------------------------------
---------------------------------------------------------------------------------
Start Applying XDC Timing Constraints
---------------------------------------------------------------------------------
---------------------------------------------------------------------------------
Finished Applying XDC Timing Constraints : Time (s): cpu = 00:00:10 ; elapsed = 00:00:18 . Memory (MB): peak = 2026.250 ; gain = 582.156
---------------------------------------------------------------------------------
---------------------------------------------------------------------------------
Start Timing Optimization
---------------------------------------------------------------------------------
---------------------------------------------------------------------------------
Finished Timing Optimization : Time (s): cpu = 00:00:10 ; elapsed = 00:00:18 . Memory (MB): peak = 2026.250 ; gain = 582.156
---------------------------------------------------------------------------------
---------------------------------------------------------------------------------
Start Technology Mapping
---------------------------------------------------------------------------------
---------------------------------------------------------------------------------
Finished Technology Mapping : Time (s): cpu = 00:00:10 ; elapsed = 00:00:19 . Memory (MB): peak = 2026.250 ; gain = 582.156
---------------------------------------------------------------------------------
---------------------------------------------------------------------------------
Start IO Insertion
---------------------------------------------------------------------------------
---------------------------------------------------------------------------------
Start Flattening Before IO Insertion
---------------------------------------------------------------------------------
---------------------------------------------------------------------------------
Finished Flattening Before IO Insertion
---------------------------------------------------------------------------------
---------------------------------------------------------------------------------
Start Final Netlist Cleanup
---------------------------------------------------------------------------------
---------------------------------------------------------------------------------
Finished Final Netlist Cleanup
---------------------------------------------------------------------------------
---------------------------------------------------------------------------------
Finished IO Insertion : Time (s): cpu = 00:00:11 ; elapsed = 00:00:22 . Memory (MB): peak = 2026.250 ; gain = 582.156
---------------------------------------------------------------------------------
---------------------------------------------------------------------------------
Start Renaming Generated Instances
---------------------------------------------------------------------------------
---------------------------------------------------------------------------------
Finished Renaming Generated Instances : Time (s): cpu = 00:00:11 ; elapsed = 00:00:22 . Memory (MB): peak = 2026.250 ; gain = 582.156
---------------------------------------------------------------------------------
---------------------------------------------------------------------------------
Start Rebuilding User Hierarchy
---------------------------------------------------------------------------------
---------------------------------------------------------------------------------
Finished Rebuilding User Hierarchy : Time (s): cpu = 00:00:11 ; elapsed = 00:00:22 . Memory (MB): peak = 2026.250 ; gain = 582.156
---------------------------------------------------------------------------------
---------------------------------------------------------------------------------
Start Renaming Generated Ports
---------------------------------------------------------------------------------
---------------------------------------------------------------------------------
Finished Renaming Generated Ports : Time (s): cpu = 00:00:11 ; elapsed = 00:00:22 . Memory (MB): peak = 2026.250 ; gain = 582.156
---------------------------------------------------------------------------------
---------------------------------------------------------------------------------
Start Handling Custom Attributes
---------------------------------------------------------------------------------
---------------------------------------------------------------------------------
Finished Handling Custom Attributes : Time (s): cpu = 00:00:11 ; elapsed = 00:00:22 . Memory (MB): peak = 2026.250 ; gain = 582.156
---------------------------------------------------------------------------------
---------------------------------------------------------------------------------
Start Renaming Generated Nets
---------------------------------------------------------------------------------
---------------------------------------------------------------------------------
Finished Renaming Generated Nets : Time (s): cpu = 00:00:11 ; elapsed = 00:00:22 . Memory (MB): peak = 2026.250 ; gain = 582.156
---------------------------------------------------------------------------------
---------------------------------------------------------------------------------
Start Writing Synthesis Report
---------------------------------------------------------------------------------

Report BlackBoxes: 
+-+--------------+----------+
| |BlackBox name |Instances |
+-+--------------+----------+
+-+--------------+----------+

Report Cell Usage: 
+------+-------+------+
|      |Cell   |Count |
+------+-------+------+
|1     |CARRY4 |    80|
|2     |LUT1   |   129|
|3     |LUT2   |     1|
|4     |LUT3   |     5|
|5     |LUT4   |   154|
|6     |LUT6   |    36|
|7     |FDRE   |   301|
|8     |FDSE   |     1|
+------+-------+------+
---------------------------------------------------------------------------------
Finished Writing Synthesis Report : Time (s): cpu = 00:00:11 ; elapsed = 00:00:22 . Memory (MB): peak = 2026.250 ; gain = 582.156
---------------------------------------------------------------------------------
Synthesis finished with 0 errors, 0 critical warnings and 7 warnings.
Synthesis Optimization Runtime : Time (s): cpu = 00:00:06 ; elapsed = 00:00:20 . Memory (MB): peak = 2026.250 ; gain = 502.730
Synthesis Optimization Complete : Time (s): cpu = 00:00:11 ; elapsed = 00:00:22 . Memory (MB): peak = 2026.250 ; gain = 582.156
INFO: [Project 1-571] Translating synthesized netlist
Netlist sorting complete. Time (s): cpu = 00:00:00 ; elapsed = 00:00:00.017 . Memory (MB): peak = 2026.250 ; gain = 0.000
INFO: [Netlist 29-17] Analyzing 80 Unisim elements for replacement
INFO: [Netlist 29-28] Unisim Transformation completed in 0 CPU seconds
INFO: [Project 1-570] Preparing netlist for logic optimization
INFO: [Opt 31-138] Pushed 0 inverter(s) to 0 load pin(s).
Netlist sorting complete. Time (s): cpu = 00:00:00 ; elapsed = 00:00:00 . Memory (MB): peak = 2026.250 ; gain = 0.000
INFO: [Project 1-111] Unisim Transformation Summary:
No Unisim elements were transformed.

Synth Design complete, checksum: 3ebe6eeb
INFO: [Common 17-83] Releasing license: Synthesis
35 Infos, 14 Warnings, 0 Critical Warnings and 0 Errors encountered.
synth_design completed successfully
synth_design: Time (s): cpu = 00:00:13 ; elapsed = 00:00:28 . Memory (MB): peak = 2026.250 ; gain = 984.617
INFO: [Common 17-1381] The checkpoint 'C:/Users/ruc1p/Coding/3.Git/FPGA_Project/Blink_LED/Blink_LED_PRJ/Blink_LED_PRJ.runs/design_1_BlinkLEDtop_0_0_synth_1/design_1_BlinkLEDtop_0_0.dcp' has been generated.
INFO: [Coretcl 2-1648] Added synthesis output to IP cache for IP design_1_BlinkLEDtop_0_0, cache-ID = abdd39a30e528fdf
INFO: [Coretcl 2-1174] Renamed 8 cell refs.
INFO: [Common 17-1381] The checkpoint 'C:/Users/ruc1p/Coding/3.Git/FPGA_Project/Blink_LED/Blink_LED_PRJ/Blink_LED_PRJ.runs/design_1_BlinkLEDtop_0_0_synth_1/design_1_BlinkLEDtop_0_0.dcp' has been generated.
INFO: [runtcl-4] Executing : report_utilization -file design_1_BlinkLEDtop_0_0_utilization_synth.rpt -pb design_1_BlinkLEDtop_0_0_utilization_synth.pb
INFO: [Common 17-206] Exiting Vivado at Tue Sep 24 17:34:31 2024...
