17:41:07 DEBUG : Logs will be stored at 'C:/Users/ruc1p/Coding/3.Git/FPGA_Project/Blink_LED/Blink_LED_Vitis/IDE.log'.
17:41:09 INFO  : Launching XSCT server: xsct.bat -n  -interactive C:\Users\ruc1p\Coding\3.Git\FPGA_Project\Blink_LED\Blink_LED_Vitis\temp_xsdb_launch_script.tcl
17:41:09 INFO  : Registering command handlers for Vitis TCF services
17:41:09 INFO  : Platform repository initialization has completed.
17:41:11 INFO  : XSCT server has started successfully.
17:41:11 INFO  : Successfully done setting XSCT server connection channel  
17:41:11 INFO  : plnx-install-location is set to ''
17:41:11 INFO  : Successfully done setting workspace for the tool. 
17:41:11 INFO  : Successfully done query RDI_DATADIR 
17:42:14 INFO  : Result from executing command 'getProjects': design_1_wrapper
17:42:14 INFO  : Result from executing command 'getPlatforms': xilinx_vck190_base_202220_1|C:/Xilinx/Vitis/2022.2/base_platforms/xilinx_vck190_base_202220_1/xilinx_vck190_base_202220_1.xpfm;xilinx_vck190_base_dfx_202220_1|C:/Xilinx/Vitis/2022.2/base_platforms/xilinx_vck190_base_dfx_202220_1/xilinx_vck190_base_dfx_202220_1.xpfm;xilinx_vmk180_base_202220_1|C:/Xilinx/Vitis/2022.2/base_platforms/xilinx_vmk180_base_202220_1/xilinx_vmk180_base_202220_1.xpfm;xilinx_zcu102_base_202220_1|C:/Xilinx/Vitis/2022.2/base_platforms/xilinx_zcu102_base_202220_1/xilinx_zcu102_base_202220_1.xpfm;xilinx_zcu102_base_dfx_202220_1|C:/Xilinx/Vitis/2022.2/base_platforms/xilinx_zcu102_base_dfx_202220_1/xilinx_zcu102_base_dfx_202220_1.xpfm;xilinx_zcu104_base_202220_1|C:/Xilinx/Vitis/2022.2/base_platforms/xilinx_zcu104_base_202220_1/xilinx_zcu104_base_202220_1.xpfm
17:42:15 WARN  : An unexpected exception occurred in the module 'platform project logging'
17:42:15 INFO  : Platform 'design_1_wrapper' is added to custom repositories.
17:42:23 INFO  : Platform 'design_1_wrapper' is added to custom repositories.
17:46:08 INFO  : Result from executing command 'getProjects': design_1_wrapper
17:46:08 INFO  : Result from executing command 'getPlatforms': design_1_wrapper|C:/Users/ruc1p/Coding/3.Git/FPGA_Project/Blink_LED/Blink_LED_Vitis/design_1_wrapper/export/design_1_wrapper/design_1_wrapper.xpfm;xilinx_vck190_base_202220_1|C:/Xilinx/Vitis/2022.2/base_platforms/xilinx_vck190_base_202220_1/xilinx_vck190_base_202220_1.xpfm;xilinx_vck190_base_dfx_202220_1|C:/Xilinx/Vitis/2022.2/base_platforms/xilinx_vck190_base_dfx_202220_1/xilinx_vck190_base_dfx_202220_1.xpfm;xilinx_vmk180_base_202220_1|C:/Xilinx/Vitis/2022.2/base_platforms/xilinx_vmk180_base_202220_1/xilinx_vmk180_base_202220_1.xpfm;xilinx_zcu102_base_202220_1|C:/Xilinx/Vitis/2022.2/base_platforms/xilinx_zcu102_base_202220_1/xilinx_zcu102_base_202220_1.xpfm;xilinx_zcu102_base_dfx_202220_1|C:/Xilinx/Vitis/2022.2/base_platforms/xilinx_zcu102_base_dfx_202220_1/xilinx_zcu102_base_dfx_202220_1.xpfm;xilinx_zcu104_base_202220_1|C:/Xilinx/Vitis/2022.2/base_platforms/xilinx_zcu104_base_202220_1/xilinx_zcu104_base_202220_1.xpfm
17:46:08 INFO  : Checking for BSP changes to sync application flags for project 'Blink_LED_app'...
17:48:43 INFO  : Connected to target on host '127.0.0.1' and port '3121'.
17:48:44 INFO  : Jtag cable 'Digilent Zybo Z7 210351B5BF40A' is selected.
17:48:44 INFO  : 'jtag frequency' command is executed.
17:48:44 INFO  : Context for 'APU' is selected.
17:48:44 INFO  : System reset is completed.
17:48:47 INFO  : 'after 3000' command is executed.
17:48:47 INFO  : 'targets -set -filter {jtag_cable_name =~ "Digilent Zybo Z7 210351B5BF40A" && level==0 && jtag_device_ctx=="jsn-Zybo Z7-210351B5BF40A-23727093-0"}' command is executed.
17:48:49 INFO  : Device configured successfully with "C:/Users/ruc1p/Coding/3.Git/FPGA_Project/Blink_LED/Blink_LED_Vitis/Blink_LED_app/_ide/bitstream/design_1_wrapper.bit"
17:48:49 INFO  : Context for 'APU' is selected.
17:48:49 INFO  : Hardware design and registers information is loaded from 'C:/Users/ruc1p/Coding/3.Git/FPGA_Project/Blink_LED/Blink_LED_Vitis/design_1_wrapper/export/design_1_wrapper/hw/design_1_wrapper.xsa'.
17:48:49 INFO  : 'configparams force-mem-access 1' command is executed.
17:48:49 INFO  : Context for 'APU' is selected.
17:48:49 INFO  : Sourcing of 'C:/Users/ruc1p/Coding/3.Git/FPGA_Project/Blink_LED/Blink_LED_Vitis/Blink_LED_app/_ide/psinit/ps7_init.tcl' is done.
17:48:50 INFO  : 'ps7_init' command is executed.
17:48:50 INFO  : 'ps7_post_config' command is executed.
17:48:50 INFO  : Context for processor 'ps7_cortexa9_0' is selected.
17:48:50 INFO  : The application 'C:/Users/ruc1p/Coding/3.Git/FPGA_Project/Blink_LED/Blink_LED_Vitis/Blink_LED_app/Debug/Blink_LED_app.elf' is downloaded to processor 'ps7_cortexa9_0'.
17:48:50 INFO  : 'configparams force-mem-access 0' command is executed.
17:48:50 INFO  : ----------------XSDB Script----------------
connect -url tcp:127.0.0.1:3121
targets -set -nocase -filter {name =~"APU*"}
rst -system
after 3000
targets -set -filter {jtag_cable_name =~ "Digilent Zybo Z7 210351B5BF40A" && level==0 && jtag_device_ctx=="jsn-Zybo Z7-210351B5BF40A-23727093-0"}
fpga -file C:/Users/ruc1p/Coding/3.Git/FPGA_Project/Blink_LED/Blink_LED_Vitis/Blink_LED_app/_ide/bitstream/design_1_wrapper.bit
targets -set -nocase -filter {name =~"APU*"}
loadhw -hw C:/Users/ruc1p/Coding/3.Git/FPGA_Project/Blink_LED/Blink_LED_Vitis/design_1_wrapper/export/design_1_wrapper/hw/design_1_wrapper.xsa -mem-ranges [list {0x40000000 0xbfffffff}] -regs
configparams force-mem-access 1
targets -set -nocase -filter {name =~"APU*"}
source C:/Users/ruc1p/Coding/3.Git/FPGA_Project/Blink_LED/Blink_LED_Vitis/Blink_LED_app/_ide/psinit/ps7_init.tcl
ps7_init
ps7_post_config
targets -set -nocase -filter {name =~ "*A9*#0"}
dow C:/Users/ruc1p/Coding/3.Git/FPGA_Project/Blink_LED/Blink_LED_Vitis/Blink_LED_app/Debug/Blink_LED_app.elf
configparams force-mem-access 0
----------------End of Script----------------

17:48:50 INFO  : Context for processor 'ps7_cortexa9_0' is selected.
17:48:50 INFO  : 'con' command is executed.
17:48:50 INFO  : ----------------XSDB Script (After Launch)----------------
targets -set -nocase -filter {name =~ "*A9*#0"}
con
----------------End of Script----------------

17:48:50 INFO  : Launch script is exported to file 'C:\Users\ruc1p\Coding\3.Git\FPGA_Project\Blink_LED\Blink_LED_Vitis\Blink_LED_app_system\_ide\scripts\debugger_blink_led_app-default.tcl'
17:50:44 INFO  : Checking for BSP changes to sync application flags for project 'Blink_LED_app'...
17:51:15 INFO  : Disconnected from the channel tcfchan#2.
17:51:16 INFO  : Connected to target on host '127.0.0.1' and port '3121'.
17:51:16 INFO  : Jtag cable 'Digilent Zybo Z7 210351B5BF40A' is selected.
17:51:16 INFO  : 'jtag frequency' command is executed.
17:51:18 INFO  : Context for 'APU' is selected.
17:51:18 INFO  : System reset is completed.
17:51:21 INFO  : 'after 3000' command is executed.
17:51:21 INFO  : 'targets -set -filter {jtag_cable_name =~ "Digilent Zybo Z7 210351B5BF40A" && level==0 && jtag_device_ctx=="jsn-Zybo Z7-210351B5BF40A-23727093-0"}' command is executed.
17:51:23 INFO  : Device configured successfully with "C:/Users/ruc1p/Coding/3.Git/FPGA_Project/Blink_LED/Blink_LED_Vitis/Blink_LED_app/_ide/bitstream/design_1_wrapper.bit"
17:51:23 INFO  : Context for 'APU' is selected.
17:51:23 INFO  : Hardware design and registers information is loaded from 'C:/Users/ruc1p/Coding/3.Git/FPGA_Project/Blink_LED/Blink_LED_Vitis/design_1_wrapper/export/design_1_wrapper/hw/design_1_wrapper.xsa'.
17:51:23 INFO  : 'configparams force-mem-access 1' command is executed.
17:51:23 INFO  : Context for 'APU' is selected.
17:51:23 INFO  : Sourcing of 'C:/Users/ruc1p/Coding/3.Git/FPGA_Project/Blink_LED/Blink_LED_Vitis/Blink_LED_app/_ide/psinit/ps7_init.tcl' is done.
17:51:23 INFO  : 'ps7_init' command is executed.
17:51:23 INFO  : 'ps7_post_config' command is executed.
17:51:23 INFO  : Context for processor 'ps7_cortexa9_0' is selected.
17:51:24 INFO  : The application 'C:/Users/ruc1p/Coding/3.Git/FPGA_Project/Blink_LED/Blink_LED_Vitis/Blink_LED_app/Debug/Blink_LED_app.elf' is downloaded to processor 'ps7_cortexa9_0'.
17:51:24 INFO  : 'configparams force-mem-access 0' command is executed.
17:51:24 INFO  : ----------------XSDB Script----------------
connect -url tcp:127.0.0.1:3121
targets -set -nocase -filter {name =~"APU*"}
rst -system
after 3000
targets -set -filter {jtag_cable_name =~ "Digilent Zybo Z7 210351B5BF40A" && level==0 && jtag_device_ctx=="jsn-Zybo Z7-210351B5BF40A-23727093-0"}
fpga -file C:/Users/ruc1p/Coding/3.Git/FPGA_Project/Blink_LED/Blink_LED_Vitis/Blink_LED_app/_ide/bitstream/design_1_wrapper.bit
targets -set -nocase -filter {name =~"APU*"}
loadhw -hw C:/Users/ruc1p/Coding/3.Git/FPGA_Project/Blink_LED/Blink_LED_Vitis/design_1_wrapper/export/design_1_wrapper/hw/design_1_wrapper.xsa -mem-ranges [list {0x40000000 0xbfffffff}] -regs
configparams force-mem-access 1
targets -set -nocase -filter {name =~"APU*"}
source C:/Users/ruc1p/Coding/3.Git/FPGA_Project/Blink_LED/Blink_LED_Vitis/Blink_LED_app/_ide/psinit/ps7_init.tcl
ps7_init
ps7_post_config
targets -set -nocase -filter {name =~ "*A9*#0"}
dow C:/Users/ruc1p/Coding/3.Git/FPGA_Project/Blink_LED/Blink_LED_Vitis/Blink_LED_app/Debug/Blink_LED_app.elf
configparams force-mem-access 0
----------------End of Script----------------

17:51:24 INFO  : Context for processor 'ps7_cortexa9_0' is selected.
17:51:24 INFO  : 'con' command is executed.
17:51:24 INFO  : ----------------XSDB Script (After Launch)----------------
targets -set -nocase -filter {name =~ "*A9*#0"}
con
----------------End of Script----------------

17:51:24 INFO  : Launch script is exported to file 'C:\Users\ruc1p\Coding\3.Git\FPGA_Project\Blink_LED\Blink_LED_Vitis\Blink_LED_app_system\_ide\scripts\debugger_blink_led_app-default.tcl'
18:01:25 INFO  : Disconnected from the channel tcfchan#3.
